{"/Users/robingoudeketting/Documents/projects/open_source/js/parameterize/src/characterMap.ts": {"path":"/Users/robingoudeketting/Documents/projects/open_source/js/parameterize/src/characterMap.ts","statementMap":{"0":{"start":{"line":5,"column":13},"end":{"line":387,"column":2}}},"fnMap":{},"branchMap":{},"s":{"0":1},"f":{},"b":{}}
,"/Users/robingoudeketting/Documents/projects/open_source/js/parameterize/src/index.ts": {"path":"/Users/robingoudeketting/Documents/projects/open_source/js/parameterize/src/index.ts","statementMap":{"0":{"start":{"line":1,"column":0},"end":{"line":1,"column":66}},"1":{"start":{"line":9,"column":44},"end":{"line":9,"column":48}},"2":{"start":{"line":10,"column":40},"end":{"line":10,"column":44}},"3":{"start":{"line":14,"column":4},"end":{"line":14,"column":25}},"4":{"start":{"line":14,"column":18},"end":{"line":14,"column":25}},"5":{"start":{"line":15,"column":4},"end":{"line":15,"column":29}},"6":{"start":{"line":16,"column":4},"end":{"line":16,"column":53}},"7":{"start":{"line":17,"column":4},"end":{"line":17,"column":70}},"8":{"start":{"line":21,"column":4},"end":{"line":21,"column":22}},"9":{"start":{"line":22,"column":4},"end":{"line":22,"column":74}},"10":{"start":{"line":22,"column":47},"end":{"line":22,"column":72}},"11":{"start":{"line":26,"column":21},"end":{"line":36,"column":1}},"12":{"start":{"line":27,"column":18},"end":{"line":27,"column":28}},"13":{"start":{"line":29,"column":2},"end":{"line":33,"column":19}},"14":{"start":{"line":35,"column":2},"end":{"line":35,"column":43}},"15":{"start":{"line":38,"column":9},"end":{"line":38,"column":21}}},"fnMap":{"0":{"name":"(anonymous_0)","decl":{"start":{"line":13,"column":9},"end":{"line":13,"column":15}},"loc":{"start":{"line":13,"column":26},"end":{"line":18,"column":3}}},"1":{"name":"(anonymous_1)","decl":{"start":{"line":20,"column":9},"end":{"line":20,"column":15}},"loc":{"start":{"line":20,"column":38},"end":{"line":23,"column":3}}},"2":{"name":"(anonymous_2)","decl":{"start":{"line":22,"column":36},"end":{"line":22,"column":37}},"loc":{"start":{"line":22,"column":47},"end":{"line":22,"column":72}}},"3":{"name":"(anonymous_3)","decl":{"start":{"line":26,"column":21},"end":{"line":26,"column":22}},"loc":{"start":{"line":26,"column":74},"end":{"line":36,"column":1}}}},"branchMap":{"0":{"loc":{"start":{"line":14,"column":4},"end":{"line":14,"column":25}},"type":"if","locations":[{"start":{"line":14,"column":4},"end":{"line":14,"column":25}}]},"1":{"loc":{"start":{"line":22,"column":47},"end":{"line":22,"column":72}},"type":"binary-expr","locations":[{"start":{"line":22,"column":47},"end":{"line":22,"column":63}},{"start":{"line":22,"column":67},"end":{"line":22,"column":72}}]},"2":{"loc":{"start":{"line":27,"column":18},"end":{"line":27,"column":28}},"type":"binary-expr","locations":[{"start":{"line":27,"column":18},"end":{"line":27,"column":22}},{"start":{"line":27,"column":26},"end":{"line":27,"column":28}}]},"3":{"loc":{"start":{"line":32,"column":24},"end":{"line":32,"column":48}},"type":"binary-expr","locations":[{"start":{"line":32,"column":24},"end":{"line":32,"column":41}},{"start":{"line":32,"column":45},"end":{"line":32,"column":48}}]}},"s":{"0":1,"1":1,"2":1,"3":4,"4":3,"5":1,"6":1,"7":1,"8":4,"9":4,"10":7,"11":1,"12":4,"13":4,"14":4,"15":1},"f":{"0":4,"1":4,"2":7,"3":4},"b":{"0":[3],"1":[7,3],"2":[4,2],"3":[4,3]}}
}
