TN:
SF:src/characterMap.ts
FNF:0
FNH:0
DA:5,1
LF:1
LH:1
BRF:0
BRH:0
end_of_record
TN:
SF:src/index.ts
FN:13,(anonymous_0)
FN:20,(anonymous_1)
FN:22,(anonymous_2)
FN:26,(anonymous_3)
FNF:4
FNH:4
FNDA:4,(anonymous_0)
FNDA:4,(anonymous_1)
FNDA:7,(anonymous_2)
FNDA:4,(anonymous_3)
DA:1,1
DA:9,1
DA:10,1
DA:14,4
DA:15,1
DA:16,1
DA:17,1
DA:21,4
DA:22,7
DA:26,1
DA:27,4
DA:29,4
DA:35,4
DA:38,1
LF:14
LH:14
BRDA:14,0,0,3
BRDA:22,1,0,7
BRDA:22,1,1,3
BRDA:27,2,0,4
BRDA:27,2,1,2
BRDA:32,3,0,4
BRDA:32,3,1,3
BRF:7
BRH:7
end_of_record
